======================================
13.04.2019 09:47:15: note1=abc
13.04.2019 09:47:15: note2=def
13.04.2019 09:47:15: action=upload
======================================
======= FILES ========================
13.04.2019 09:47:15: name=snap.jpg
13.04.2019 09:47:15: type=application/octet-stream
13.04.2019 09:47:15: tmp_name=E:\xampp\tmp\phpBA05.tmp
13.04.2019 09:47:15: error=0
13.04.2019 09:47:15: size=192513
13.04.2019 09:47:15: Upload of "Aufnahme"
13.04.2019 09:47:15: MoveUploadedFile(snap.jpg)
13.04.2019 09:47:15: ->moving snap.jpg successfull
13.04.2019 09:47:15: name=snap.jpg
13.04.2019 09:47:15: type=application/octet-stream
13.04.2019 09:47:15: tmp_name=E:\xampp\tmp\phpBA05.tmp
13.04.2019 09:47:15: error=0
13.04.2019 09:47:15: size=192513
13.04.2019 09:47:15: name=coca-cola.jpg
13.04.2019 09:47:15: type=application/octet-stream
13.04.2019 09:47:15: tmp_name=E:\xampp\tmp\phpBA35.tmp
13.04.2019 09:47:15: error=0
13.04.2019 09:47:15: size=157932
13.04.2019 09:47:15: Upload of "coca_cola"
13.04.2019 09:47:15: MoveUploadedFile(coca-cola.jpg)
13.04.2019 09:47:15: ->moving coca-cola.jpg successfull
13.04.2019 09:47:15: name=coca-cola.jpg
13.04.2019 09:47:15: type=application/octet-stream
13.04.2019 09:47:15: tmp_name=E:\xampp\tmp\phpBA35.tmp
13.04.2019 09:47:15: error=0
13.04.2019 09:47:15: size=157932
======================================
======================================
13.04.2019 10:45:50: note1=abc
13.04.2019 10:45:50: note2=def
13.04.2019 10:45:50: action=upload
======================================
======= FILES ========================
13.04.2019 10:45:50: name=snap.jpg
13.04.2019 10:45:50: type=application/octet-stream
13.04.2019 10:45:50: tmp_name=E:\xampp\tmp\php5E82.tmp
13.04.2019 10:45:50: error=0
13.04.2019 10:45:50: size=192513
13.04.2019 10:45:50: Upload of "Aufnahme"
13.04.2019 10:45:50: MoveUploadedFile(snap.jpg)
13.04.2019 10:45:50: ->moving snap.jpg successfull
13.04.2019 10:45:50: name=snap.jpg
13.04.2019 10:45:50: type=application/octet-stream
13.04.2019 10:45:50: tmp_name=E:\xampp\tmp\php5E82.tmp
13.04.2019 10:45:50: error=0
13.04.2019 10:45:50: size=192513
13.04.2019 10:45:50: name=coca-cola.jpg
13.04.2019 10:45:50: type=application/octet-stream
13.04.2019 10:45:50: tmp_name=E:\xampp\tmp\php5EA3.tmp
13.04.2019 10:45:50: error=0
13.04.2019 10:45:50: size=157932
13.04.2019 10:45:50: Upload of "coca_cola"
13.04.2019 10:45:50: MoveUploadedFile(coca-cola.jpg)
13.04.2019 10:45:50: ->moving coca-cola.jpg successfull
13.04.2019 10:45:50: name=coca-cola.jpg
13.04.2019 10:45:50: type=application/octet-stream
13.04.2019 10:45:50: tmp_name=E:\xampp\tmp\php5EA3.tmp
13.04.2019 10:45:50: error=0
13.04.2019 10:45:50: size=157932
======================================
======================================
13.04.2019 10:49:26: note1=abc
13.04.2019 10:49:26: note2=def
13.04.2019 10:49:26: action=upload
======================================
======= FILES ========================
13.04.2019 10:49:26: name=snap.jpg
13.04.2019 10:49:26: type=application/octet-stream
13.04.2019 10:49:26: tmp_name=E:\xampp\tmp\phpA7F3.tmp
13.04.2019 10:49:26: error=0
13.04.2019 10:49:26: size=192513
13.04.2019 10:49:26: Upload of "Aufnahme"
13.04.2019 10:49:26: MoveUploadedFile(snap.jpg)
13.04.2019 10:49:26: ->moving snap.jpg successfull
13.04.2019 10:49:26: name=snap.jpg
13.04.2019 10:49:26: type=application/octet-stream
13.04.2019 10:49:26: tmp_name=E:\xampp\tmp\phpA7F3.tmp
13.04.2019 10:49:26: error=0
13.04.2019 10:49:26: size=192513
13.04.2019 10:49:26: name=coca-cola.jpg
13.04.2019 10:49:26: type=application/octet-stream
13.04.2019 10:49:26: tmp_name=E:\xampp\tmp\phpAA93.tmp
13.04.2019 10:49:26: error=0
13.04.2019 10:49:26: size=157932
13.04.2019 10:49:26: Upload of "coca_cola"
13.04.2019 10:49:26: MoveUploadedFile(coca-cola.jpg)
13.04.2019 10:49:26: ->moving coca-cola.jpg successfull
13.04.2019 10:49:26: name=coca-cola.jpg
13.04.2019 10:49:26: type=application/octet-stream
13.04.2019 10:49:26: tmp_name=E:\xampp\tmp\phpAA93.tmp
13.04.2019 10:49:26: error=0
13.04.2019 10:49:26: size=157932
======================================
======================================
13.04.2019 11:11:51: note1=abc
13.04.2019 11:11:51: note2=def
13.04.2019 11:11:51: action=upload
======================================
======= FILES ========================
13.04.2019 11:11:51: name=snap.jpg
13.04.2019 11:11:51: type=
13.04.2019 11:11:51: tmp_name=
13.04.2019 11:11:51: error=3
13.04.2019 11:11:51: size=0
13.04.2019 11:11:51: Upload of "Aufnahme"
13.04.2019 11:11:51: MoveUploadedFile(snap.jpg)
13.04.2019 11:11:51:->moving snap.jpg NOT successfull
13.04.2019 11:11:51: name=snap.jpg
13.04.2019 11:11:51: type=
13.04.2019 11:11:51: tmp_name=
13.04.2019 11:11:51: error=3
13.04.2019 11:11:51: size=0
======================================
======================================
13.04.2019 11:20:26: note1=abc
13.04.2019 11:20:26: note2=def
13.04.2019 11:20:26: action=upload
======================================
======= FILES ========================
13.04.2019 11:20:26: name=snap.jpg
13.04.2019 11:20:26: type=
13.04.2019 11:20:26: tmp_name=
13.04.2019 11:20:26: error=3
13.04.2019 11:20:26: size=0
13.04.2019 11:20:26: Upload of "Aufnahme"
13.04.2019 11:20:26: MoveUploadedFile(snap.jpg)
13.04.2019 11:20:26:->moving snap.jpg NOT successfull
13.04.2019 11:20:26: name=snap.jpg
13.04.2019 11:20:26: type=
13.04.2019 11:20:26: tmp_name=
13.04.2019 11:20:26: error=3
13.04.2019 11:20:26: size=0
======================================
======================================
13.04.2019 11:31:19: note1=abc
13.04.2019 11:31:19: note2=def
13.04.2019 11:31:19: action=upload
======================================
======= FILES ========================
13.04.2019 11:31:19: name=snap.jpg
13.04.2019 11:31:19: type=
13.04.2019 11:31:19: tmp_name=
13.04.2019 11:31:19: error=3
13.04.2019 11:31:19: size=0
13.04.2019 11:31:19: Upload of "Aufnahme"
13.04.2019 11:31:19: MoveUploadedFile(snap.jpg)
13.04.2019 11:31:19:->moving snap.jpg NOT successfull
13.04.2019 11:31:19: name=snap.jpg
13.04.2019 11:31:19: type=
13.04.2019 11:31:19: tmp_name=
13.04.2019 11:31:19: error=3
13.04.2019 11:31:19: size=0
======================================
======================================
13.04.2019 11:32:36: note1=abc
13.04.2019 11:32:36: note2=def
13.04.2019 11:32:36: action=upload
======================================
======= FILES ========================
13.04.2019 11:32:36: name=snap.jpg
13.04.2019 11:32:36: type=
13.04.2019 11:32:36: tmp_name=
13.04.2019 11:32:36: error=3
13.04.2019 11:32:36: size=0
13.04.2019 11:32:36: Upload of "Aufnahme"
13.04.2019 11:32:36: MoveUploadedFile(snap.jpg)
13.04.2019 11:32:36:->moving snap.jpg NOT successfull
13.04.2019 11:32:36: name=snap.jpg
13.04.2019 11:32:36: type=
13.04.2019 11:32:36: tmp_name=
13.04.2019 11:32:36: error=3
13.04.2019 11:32:36: size=0
======================================
======================================
13.04.2019 11:35:57: note1=abc
13.04.2019 11:35:57: note2=def
13.04.2019 11:35:57: action=upload
======================================
======= FILES ========================
13.04.2019 11:35:57: name=snap.jpg
13.04.2019 11:35:57: type=
13.04.2019 11:35:57: tmp_name=
13.04.2019 11:35:57: error=3
13.04.2019 11:35:57: size=0
13.04.2019 11:35:57: Upload of "Aufnahme"
13.04.2019 11:35:57: MoveUploadedFile(snap.jpg)
13.04.2019 11:35:57:->moving snap.jpg NOT successfull
13.04.2019 11:35:57: name=snap.jpg
13.04.2019 11:35:57: type=
13.04.2019 11:35:57: tmp_name=
13.04.2019 11:35:57: error=3
13.04.2019 11:35:57: size=0
======================================
======================================
13.04.2019 11:40:03: note1=abc
13.04.2019 11:40:03: note2=def
13.04.2019 11:40:03: action=upload
======================================
======= FILES ========================
13.04.2019 11:40:03: name=snap.jpg
13.04.2019 11:40:03: type=application/octet-stream
13.04.2019 11:40:03: tmp_name=E:\xampp\tmp\phpA07D.tmp
13.04.2019 11:40:03: error=0
13.04.2019 11:40:03: size=192513
13.04.2019 11:40:03: Upload of "Aufnahme"
13.04.2019 11:40:03: MoveUploadedFile(snap.jpg)
13.04.2019 11:40:03: ->moving snap.jpg successfull
13.04.2019 11:40:03: name=snap.jpg
13.04.2019 11:40:03: type=application/octet-stream
13.04.2019 11:40:03: tmp_name=E:\xampp\tmp\phpA07D.tmp
13.04.2019 11:40:03: error=0
13.04.2019 11:40:03: size=192513
13.04.2019 11:40:03: name=coca-cola.jpg
13.04.2019 11:40:03: type=application/octet-stream
13.04.2019 11:40:03: tmp_name=E:\xampp\tmp\php33B.tmp
13.04.2019 11:40:03: error=0
13.04.2019 11:40:03: size=157932
13.04.2019 11:40:03: Upload of "coca_cola"
13.04.2019 11:40:03: MoveUploadedFile(coca-cola.jpg)
13.04.2019 11:40:03: ->moving coca-cola.jpg successfull
13.04.2019 11:40:03: name=coca-cola.jpg
13.04.2019 11:40:03: type=application/octet-stream
13.04.2019 11:40:03: tmp_name=E:\xampp\tmp\php33B.tmp
13.04.2019 11:40:03: error=0
13.04.2019 11:40:03: size=157932
======================================
======================================
13.04.2019 11:44:45: note1=abc
13.04.2019 11:44:45: note2=def
13.04.2019 11:44:45: action=upload
======================================
======= FILES ========================
13.04.2019 11:44:45: name=snap.jpg
13.04.2019 11:44:45: type=
13.04.2019 11:44:45: tmp_name=
13.04.2019 11:44:45: error=3
13.04.2019 11:44:45: size=0
13.04.2019 11:44:45: Upload of "Aufnahme"
13.04.2019 11:44:45: MoveUploadedFile(snap.jpg)
13.04.2019 11:44:45:->moving snap.jpg NOT successfull
13.04.2019 11:44:45: name=snap.jpg
13.04.2019 11:44:45: type=
13.04.2019 11:44:45: tmp_name=
13.04.2019 11:44:45: error=3
13.04.2019 11:44:45: size=0
======================================
======================================
13.04.2019 11:47:13: note1=abc
13.04.2019 11:47:13: note2=def
13.04.2019 11:47:13: action=upload
======================================
======= FILES ========================
13.04.2019 11:47:13: name=snap.jpg
13.04.2019 11:47:13: type=
13.04.2019 11:47:13: tmp_name=
13.04.2019 11:47:13: error=3
13.04.2019 11:47:13: size=0
13.04.2019 11:47:13: Upload of "Aufnahme"
13.04.2019 11:47:13: MoveUploadedFile(snap.jpg)
13.04.2019 11:47:13:->moving snap.jpg NOT successfull
13.04.2019 11:47:13: name=snap.jpg
13.04.2019 11:47:13: type=
13.04.2019 11:47:13: tmp_name=
13.04.2019 11:47:13: error=3
13.04.2019 11:47:13: size=0
======================================
======================================
18.04.2019 08:56:43: FileName=18572019-015740.jpg
18.04.2019 08:56:43: ID=25
18.04.2019 08:56:43: Action=Upload
======================================
======================================
18.04.2019 08:59:12: FileName=18002019-020020.jpg
18.04.2019 08:59:13: ID=25
18.04.2019 08:59:13: Action=Upload
======================================
======================================
18.04.2019 09:01:16: FileName=18022019-020224.jpg
18.04.2019 09:01:16: ID=25
18.04.2019 09:01:16: Action=Upload
======================================
======= FILES ========================
18.04.2019 09:01:16: name=18022019-020224.jpg
18.04.2019 09:01:16: type=application/octet-stream
18.04.2019 09:01:16: tmp_name=E:\xampp\tmp\php23CB.tmp
18.04.2019 09:01:16: error=0
18.04.2019 09:01:16: size=48676
18.04.2019 09:01:16: Upload of "18022019-020224_jpg"
18.04.2019 09:01:16: name=18022019-020224.jpg
18.04.2019 09:01:16: type=application/octet-stream
18.04.2019 09:01:16: tmp_name=E:\xampp\tmp\php23CB.tmp
18.04.2019 09:01:16: error=0
18.04.2019 09:01:16: size=48676
======================================
======================================
18.04.2019 09:03:22: FileName=18042019-020430.jpg
18.04.2019 09:03:22: ID=25
18.04.2019 09:03:22: Action=Upload
======================================
======= FILES ========================
18.04.2019 09:03:22: name=18042019-020430.jpg
18.04.2019 09:03:22: type=application/octet-stream
18.04.2019 09:03:22: tmp_name=E:\xampp\tmp\phpF12.tmp
18.04.2019 09:03:22: error=0
18.04.2019 09:03:22: size=48676
18.04.2019 09:03:22: Upload of "18042019-020430_jpg"
18.04.2019 09:03:22: name=18042019-020430.jpg
18.04.2019 09:03:22: type=application/octet-stream
18.04.2019 09:03:22: tmp_name=E:\xampp\tmp\phpF12.tmp
18.04.2019 09:03:22: error=0
18.04.2019 09:03:22: size=48676
======================================
======================================
18.04.2019 09:03:39: FileName=18042019-020430.jpg
18.04.2019 09:03:39: ID=25
18.04.2019 09:03:39: Action=Upload
======================================
======= FILES ========================
18.04.2019 09:03:39: name=18042019-020430.jpg
18.04.2019 09:03:39: type=application/octet-stream
18.04.2019 09:03:39: tmp_name=E:\xampp\tmp\php519A.tmp
18.04.2019 09:03:39: error=0
18.04.2019 09:03:39: size=48676
18.04.2019 09:03:39: Upload of "18042019-020430_jpg"
18.04.2019 09:03:39: name=18042019-020430.jpg
18.04.2019 09:03:39: type=application/octet-stream
18.04.2019 09:03:39: tmp_name=E:\xampp\tmp\php519A.tmp
18.04.2019 09:03:39: error=0
18.04.2019 09:03:39: size=48676
======================================
======================================
18.04.2019 09:22:19: note1=abc
18.04.2019 09:22:19: note2=def
18.04.2019 09:22:19: action=upload
======================================
======= FILES ========================
18.04.2019 09:22:19: name=snap.jpg
18.04.2019 09:22:19: type=application/octet-stream
18.04.2019 09:22:19: tmp_name=E:\xampp\tmp\php660B.tmp
18.04.2019 09:22:19: error=0
18.04.2019 09:22:19: size=192515
18.04.2019 09:22:19: Upload of "Aufnahme"
18.04.2019 09:22:19: MoveUploadedFile(snap.jpg)
18.04.2019 09:22:19: ->moving snap.jpg successfull
18.04.2019 09:22:19: name=snap.jpg
18.04.2019 09:22:19: type=application/octet-stream
18.04.2019 09:22:19: tmp_name=E:\xampp\tmp\php660B.tmp
18.04.2019 09:22:19: error=0
18.04.2019 09:22:19: size=192515
======================================
======================================
18.04.2019 09:32:19: note1=abc
18.04.2019 09:32:19: note2=def
18.04.2019 09:32:19: filename=snap.jpg
18.04.2019 09:32:19: action=upload
======================================
======= FILES ========================
18.04.2019 09:32:19: name=snap.jpg
18.04.2019 09:32:19: type=application/octet-stream
18.04.2019 09:32:19: tmp_name=E:\xampp\tmp\php8ED5.tmp
18.04.2019 09:32:19: error=0
18.04.2019 09:32:19: size=192515
18.04.2019 09:32:19: Upload of "snap_jpg"
18.04.2019 09:32:19: name=snap.jpg
18.04.2019 09:32:19: type=application/octet-stream
18.04.2019 09:32:19: tmp_name=E:\xampp\tmp\php8ED5.tmp
18.04.2019 09:32:19: error=0
18.04.2019 09:32:19: size=192515
======================================
======================================
18.04.2019 09:42:51: note1=abc
18.04.2019 09:42:51: note2=def
18.04.2019 09:42:51: filename=snap.jpg
18.04.2019 09:42:51: action=upload
======================================
======= FILES ========================
18.04.2019 09:42:51: name=snap.jpg
18.04.2019 09:42:51: type=application/octet-stream
18.04.2019 09:42:51: tmp_name=E:\xampp\tmp\php3358.tmp
18.04.2019 09:42:51: error=0
18.04.2019 09:42:51: size=192515
18.04.2019 09:42:51: Upload of "snap_jpg"
18.04.2019 09:42:51: name=snap.jpg
18.04.2019 09:42:51: type=application/octet-stream
18.04.2019 09:42:51: tmp_name=E:\xampp\tmp\php3358.tmp
18.04.2019 09:42:51: error=0
18.04.2019 09:42:51: size=192515
======================================
======================================
18.04.2019 09:49:14: note1=abc
18.04.2019 09:49:14: filename=snap.jpg
18.04.2019 09:49:14: action=upload
======================================
======= FILES ========================
18.04.2019 09:49:14: name=snap.jpg
18.04.2019 09:49:14: type=application/octet-stream
18.04.2019 09:49:14: tmp_name=E:\xampp\tmp\phpD84.tmp
18.04.2019 09:49:14: error=0
18.04.2019 09:49:14: size=192515
18.04.2019 09:49:14: Upload of "snap_jpg"
18.04.2019 09:49:14: name=snap.jpg
18.04.2019 09:49:14: type=application/octet-stream
18.04.2019 09:49:14: tmp_name=E:\xampp\tmp\phpD84.tmp
18.04.2019 09:49:14: error=0
18.04.2019 09:49:14: size=192515
======================================
======================================
18.04.2019 09:51:26: note1=abc
18.04.2019 09:51:26: filename=snap.jpg
18.04.2019 09:51:26: action=upload
======================================
======= FILES ========================
18.04.2019 09:51:26: name=snap.jpg
18.04.2019 09:51:26: type=application/octet-stream
18.04.2019 09:51:26: tmp_name=E:\xampp\tmp\phpF60.tmp
18.04.2019 09:51:26: error=0
18.04.2019 09:51:26: size=192515
18.04.2019 09:51:26: Upload of "snap_jpg"
18.04.2019 09:51:26: name=snap.jpg
18.04.2019 09:51:26: type=application/octet-stream
18.04.2019 09:51:26: tmp_name=E:\xampp\tmp\phpF60.tmp
18.04.2019 09:51:26: error=0
18.04.2019 09:51:26: size=192515
======================================
======================================
18.04.2019 09:55:37: note1=abc
18.04.2019 09:55:37: filename=snap
18.04.2019 09:55:37: action=upload
======================================
======= FILES ========================
18.04.2019 09:55:37: name=snap.jpg
18.04.2019 09:55:37: type=application/octet-stream
18.04.2019 09:55:37: tmp_name=E:\xampp\tmp\phpE437.tmp
18.04.2019 09:55:37: error=0
18.04.2019 09:55:37: size=192515
18.04.2019 09:55:37: Upload of "snap"
18.04.2019 09:55:37: name=snap.jpg
18.04.2019 09:55:37: type=application/octet-stream
18.04.2019 09:55:37: tmp_name=E:\xampp\tmp\phpE437.tmp
18.04.2019 09:55:37: error=0
18.04.2019 09:55:37: size=192515
======================================
======================================
18.04.2019 09:58:35: note1=abc
18.04.2019 09:58:35: filename=snap
18.04.2019 09:58:35: action=upload
======================================
======= FILES ========================
18.04.2019 09:58:35: name=snap.jpg
18.04.2019 09:58:35: type=application/octet-stream
18.04.2019 09:58:35: tmp_name=E:\xampp\tmp\php9B0B.tmp
18.04.2019 09:58:35: error=0
18.04.2019 09:58:35: size=192515
18.04.2019 09:58:35: Upload of "snap"
======================================
======================================
======================================
======================================
======================================
======================================
======================================
18.04.2019 10:00:23: filename=yola
======================================
======================================
18.04.2019 10:00:39: filename=yola
======================================
======================================
18.04.2019 10:03:00: note1=abc
18.04.2019 10:03:00: filename=yola
18.04.2019 10:03:00: action=upload
======================================
======= FILES ========================
18.04.2019 10:03:00: name=snap.jpg
18.04.2019 10:03:00: type=application/octet-stream
18.04.2019 10:03:00: tmp_name=E:\xampp\tmp\phpA8A6.tmp
18.04.2019 10:03:00: error=0
18.04.2019 10:03:00: size=192515
18.04.2019 10:03:00: Upload of "snap"
18.04.2019 10:03:00: name=snap.jpg
18.04.2019 10:03:00: type=application/octet-stream
18.04.2019 10:03:00: tmp_name=E:\xampp\tmp\phpA8A6.tmp
18.04.2019 10:03:00: error=0
18.04.2019 10:03:00: size=192515
======================================
======================================
18.04.2019 10:06:38: filename=yola
======================================
======================================
18.04.2019 10:07:55: note1=abc
18.04.2019 10:07:55: filename=yola
18.04.2019 10:07:55: action=upload
======================================
======= FILES ========================
18.04.2019 10:07:55: name=snap.jpg
18.04.2019 10:07:55: type=application/octet-stream
18.04.2019 10:07:55: tmp_name=E:\xampp\tmp\php28A1.tmp
18.04.2019 10:07:55: error=0
18.04.2019 10:07:55: size=192515
18.04.2019 10:07:55: Upload of "snap"
18.04.2019 10:07:55: name=snap.jpg
18.04.2019 10:07:55: type=application/octet-stream
18.04.2019 10:07:55: tmp_name=E:\xampp\tmp\php28A1.tmp
18.04.2019 10:07:55: error=0
18.04.2019 10:07:55: size=192515
======================================
======================================
18.04.2019 10:08:31: note1=abc
18.04.2019 10:08:31: note2=def
18.04.2019 10:08:31: filename=yola
18.04.2019 10:08:31: action=upload
======================================
======= FILES ========================
18.04.2019 10:08:31: name=snap.jpg
18.04.2019 10:08:31: type=application/octet-stream
18.04.2019 10:08:31: tmp_name=E:\xampp\tmp\phpB467.tmp
18.04.2019 10:08:31: error=0
18.04.2019 10:08:31: size=192515
18.04.2019 10:08:31: Upload of "snap"
18.04.2019 10:08:31: name=snap.jpg
18.04.2019 10:08:31: type=application/octet-stream
18.04.2019 10:08:31: tmp_name=E:\xampp\tmp\phpB467.tmp
18.04.2019 10:08:31: error=0
18.04.2019 10:08:31: size=192515
======================================
======================================
18.04.2019 10:12:09: note1=abc
18.04.2019 10:12:09: note2=def
18.04.2019 10:12:09: keyname=snap
18.04.2019 10:12:09: action=upload
======================================
======= FILES ========================
18.04.2019 10:12:09: name=snap.jpg
18.04.2019 10:12:09: type=application/octet-stream
18.04.2019 10:12:09: tmp_name=E:\xampp\tmp\php940.tmp
18.04.2019 10:12:09: error=0
18.04.2019 10:12:09: size=192515
18.04.2019 10:12:09: Upload of "snap"
18.04.2019 10:12:09: MoveUploadedFile(snap.jpg)
18.04.2019 10:12:09: ->moving snap.jpg successfull
18.04.2019 10:12:09: name=snap.jpg
18.04.2019 10:12:09: type=application/octet-stream
18.04.2019 10:12:09: tmp_name=E:\xampp\tmp\php940.tmp
18.04.2019 10:12:09: error=0
18.04.2019 10:12:09: size=192515
======================================
======================================
18.04.2019 10:12:55: note1=abc
18.04.2019 10:12:55: note2=def
18.04.2019 10:12:55: keyname=snap
18.04.2019 10:12:55: action=upload
======================================
======= FILES ========================
18.04.2019 10:12:55: name=snap.jpg
18.04.2019 10:12:55: type=application/octet-stream
18.04.2019 10:12:55: tmp_name=E:\xampp\tmp\phpBB2C.tmp
18.04.2019 10:12:55: error=0
18.04.2019 10:12:55: size=192515
18.04.2019 10:12:55: Upload of "snap"
18.04.2019 10:12:55: MoveUploadedFile(snap.jpg)
18.04.2019 10:12:55: ->moving snap.jpg successfull
18.04.2019 10:12:55: name=snap.jpg
18.04.2019 10:12:55: type=application/octet-stream
18.04.2019 10:12:55: tmp_name=E:\xampp\tmp\phpBB2C.tmp
18.04.2019 10:12:55: error=0
18.04.2019 10:12:55: size=192515
======================================
======================================
18.04.2019 10:18:40: note1=abc
18.04.2019 10:18:40: note2=def
18.04.2019 10:18:40: keyname=18192019-031943
18.04.2019 10:18:40: action=upload
======================================
======= FILES ========================
18.04.2019 10:18:40: name=18192019-031943.jpg
18.04.2019 10:18:40: type=application/octet-stream
18.04.2019 10:18:40: tmp_name=E:\xampp\tmp\phpFB2C.tmp
18.04.2019 10:18:40: error=0
18.04.2019 10:18:40: size=764023
18.04.2019 10:18:40: Upload of "18192019-031943"
18.04.2019 10:18:40: MoveUploadedFile(18192019-031943.jpg)
18.04.2019 10:18:40: ->moving 18192019-031943.jpg successfull
18.04.2019 10:18:40: name=18192019-031943.jpg
18.04.2019 10:18:40: type=application/octet-stream
18.04.2019 10:18:40: tmp_name=E:\xampp\tmp\phpFB2C.tmp
18.04.2019 10:18:40: error=0
18.04.2019 10:18:40: size=764023
======================================
======================================
18.04.2019 10:27:19: tanggal=2019-04-18
18.04.2019 10:27:19: idbang=25
18.04.2019 10:27:19: keyname=18282019-032824
18.04.2019 10:27:19: action=upload
======================================
======= FILES ========================
18.04.2019 10:27:19: name=18282019-032824.jpg
18.04.2019 10:27:19: type=application/octet-stream
18.04.2019 10:27:19: tmp_name=E:\xampp\tmp\phpE8D6.tmp
18.04.2019 10:27:19: error=0
18.04.2019 10:27:19: size=609256
18.04.2019 10:27:19: Upload of "18282019-032824"
18.04.2019 10:27:19: MoveUploadedFile(18282019-032824.jpg)
18.04.2019 10:27:19: ->moving 18282019-032824.jpg successfull
18.04.2019 10:27:19: name=18282019-032824.jpg
18.04.2019 10:27:19: type=application/octet-stream
18.04.2019 10:27:19: tmp_name=E:\xampp\tmp\phpE8D6.tmp
18.04.2019 10:27:19: error=0
18.04.2019 10:27:19: size=609256
======================================
======================================
18.04.2019 10:29:18: tanggal=2019-04-18
18.04.2019 10:29:18: idbang=25
18.04.2019 10:29:18: keyname=18302019-033026
18.04.2019 10:29:18: action=upload
======================================
======= FILES ========================
18.04.2019 10:29:18: name=18302019-033026.jpg
18.04.2019 10:29:18: type=application/octet-stream
18.04.2019 10:29:18: tmp_name=E:\xampp\tmp\phpBC6E.tmp
18.04.2019 10:29:18: error=0
18.04.2019 10:29:18: size=48676
18.04.2019 10:29:18: Upload of "18302019-033026"
18.04.2019 10:29:18: MoveUploadedFile(18302019-033026.jpg)
18.04.2019 10:29:18: ->moving 18302019-033026.jpg successfull
18.04.2019 10:29:19: name=18302019-033026.jpg
18.04.2019 10:29:19: type=application/octet-stream
18.04.2019 10:29:19: tmp_name=E:\xampp\tmp\phpBC6E.tmp
18.04.2019 10:29:19: error=0
18.04.2019 10:29:19: size=48676
======================================
======================================
18.04.2019 10:33:08: tanggal=2019-04-18
18.04.2019 10:33:08: idbang=25
18.04.2019 10:33:08: keyname=18342019-033416
18.04.2019 10:33:08: action=upload
======================================
======= FILES ========================
18.04.2019 10:33:08: name=18342019-033416.jpg
18.04.2019 10:33:08: type=application/octet-stream
18.04.2019 10:33:08: tmp_name=E:\xampp\tmp\php3DA7.tmp
18.04.2019 10:33:08: error=0
18.04.2019 10:33:08: size=48676
18.04.2019 10:33:08: Upload of "18342019-033416"
18.04.2019 10:33:08: MoveUploadedFile(18342019-033416.jpg)
18.04.2019 10:33:08: ->moving 18342019-033416.jpg successfull
18.04.2019 10:33:08: name=18342019-033416.jpg
18.04.2019 10:33:08: type=application/octet-stream
18.04.2019 10:33:08: tmp_name=E:\xampp\tmp\php3DA7.tmp
18.04.2019 10:33:08: error=0
18.04.2019 10:33:08: size=48676
======================================
======================================
18.04.2019 10:33:16: tanggal=2019-04-18
18.04.2019 10:33:16: idbang=25
18.04.2019 10:33:16: keyname=18342019-033416
18.04.2019 10:33:16: action=upload
======================================
======= FILES ========================
18.04.2019 10:33:16: name=18342019-033416.jpg
18.04.2019 10:33:16: type=application/octet-stream
18.04.2019 10:33:16: tmp_name=E:\xampp\tmp\php5E8E.tmp
18.04.2019 10:33:16: error=0
18.04.2019 10:33:16: size=48676
18.04.2019 10:33:16: Upload of "18342019-033416"
18.04.2019 10:33:16: MoveUploadedFile(18342019-033416.jpg)
18.04.2019 10:33:16: ->moving 18342019-033416.jpg successfull
18.04.2019 10:33:17: name=18342019-033416.jpg
18.04.2019 10:33:17: type=application/octet-stream
18.04.2019 10:33:17: tmp_name=E:\xampp\tmp\php5E8E.tmp
18.04.2019 10:33:17: error=0
18.04.2019 10:33:17: size=48676
======================================
======================================
18.04.2019 10:36:29: tanggal=2019-04-18
18.04.2019 10:36:29: idbang=25
18.04.2019 10:36:29: keyname=18372019-033736
18.04.2019 10:36:29: action=upload
======================================
======= FILES ========================
18.04.2019 10:36:29: name=18372019-033736.jpg
18.04.2019 10:36:29: type=application/octet-stream
18.04.2019 10:36:29: tmp_name=E:\xampp\tmp\php4D6A.tmp
18.04.2019 10:36:29: error=0
18.04.2019 10:36:29: size=48676
18.04.2019 10:36:29: Upload of "18372019-033736"
18.04.2019 10:36:29: MoveUploadedFile(18372019-033736.jpg)
18.04.2019 10:36:29: ->moving 18372019-033736.jpg successfull
18.04.2019 10:36:29: name=18372019-033736.jpg
18.04.2019 10:36:29: type=application/octet-stream
18.04.2019 10:36:29: tmp_name=E:\xampp\tmp\php4D6A.tmp
18.04.2019 10:36:29: error=0
18.04.2019 10:36:29: size=48676
======================================
======================================
18.04.2019 10:48:02: tanggal=2019-04-18
18.04.2019 10:48:02: idbang=25
18.04.2019 10:48:02: keyname=18492019-034910
18.04.2019 10:48:02: action=upload
======================================
======= FILES ========================
18.04.2019 10:48:02: name=18492019-034910.jpg
18.04.2019 10:48:02: type=application/octet-stream
18.04.2019 10:48:02: tmp_name=E:\xampp\tmp\phpE111.tmp
18.04.2019 10:48:02: error=0
18.04.2019 10:48:02: size=300242
18.04.2019 10:48:02: Upload of "18492019-034910"
18.04.2019 10:48:02: MoveUploadedFile(18492019-034910.jpg)
18.04.2019 10:48:02: ->moving 18492019-034910.jpg successfull
18.04.2019 10:48:02: name=18492019-034910.jpg
18.04.2019 10:48:02: type=application/octet-stream
18.04.2019 10:48:02: tmp_name=E:\xampp\tmp\phpE111.tmp
18.04.2019 10:48:02: error=0
18.04.2019 10:48:02: size=300242
======================================
======================================
18.04.2019 10:53:22: tanggal=2019-04-18
18.04.2019 10:53:22: idbang=25
18.04.2019 10:53:22: keyname=18542019-035427
18.04.2019 10:53:22: action=upload
======================================
======= FILES ========================
18.04.2019 10:53:22: name=18542019-035427.jpg
18.04.2019 10:53:22: type=application/octet-stream
18.04.2019 10:53:22: tmp_name=E:\xampp\tmp\phpC072.tmp
18.04.2019 10:53:22: error=0
18.04.2019 10:53:22: size=486300
18.04.2019 10:53:22: Upload of "18542019-035427"
18.04.2019 10:53:22: MoveUploadedFile(18542019-035427.jpg)
18.04.2019 10:53:22: ->moving 18542019-035427.jpg successfull
18.04.2019 10:53:22: name=18542019-035427.jpg
18.04.2019 10:53:22: type=application/octet-stream
18.04.2019 10:53:22: tmp_name=E:\xampp\tmp\phpC072.tmp
18.04.2019 10:53:22: error=0
18.04.2019 10:53:22: size=486300
======================================
======================================
18.04.2019 10:57:57: tanggal=2019-04-18
18.04.2019 10:57:57: idbang=25
18.04.2019 10:57:57: keyname=18582019-035852
18.04.2019 10:57:57: action=upload
======================================
======= FILES ========================
18.04.2019 10:57:57: name=18582019-035852.jpg
18.04.2019 10:57:57: type=application/octet-stream
18.04.2019 10:57:57: tmp_name=E:\xampp\tmp\phpEA9C.tmp
18.04.2019 10:57:57: error=0
18.04.2019 10:57:57: size=682399
18.04.2019 10:57:57: Upload of "18582019-035852"
18.04.2019 10:57:57: MoveUploadedFile(18582019-035852.jpg)
18.04.2019 10:57:57: ->moving 18582019-035852.jpg successfull
18.04.2019 10:57:57: name=18582019-035852.jpg
18.04.2019 10:57:57: type=application/octet-stream
18.04.2019 10:57:57: tmp_name=E:\xampp\tmp\phpEA9C.tmp
18.04.2019 10:57:57: error=0
18.04.2019 10:57:57: size=682399
======================================
======================================
18.04.2019 11:09:51: tanggal=2019-04-18
18.04.2019 11:09:51: idbang=25
18.04.2019 11:09:51: keyname=18102019-041055
18.04.2019 11:09:51: action=upload
======================================
======= FILES ========================
18.04.2019 11:09:51: name=18102019-041055.jpg
18.04.2019 11:09:51: type=application/octet-stream
18.04.2019 11:09:51: tmp_name=E:\xampp\tmp\phpD6D2.tmp
18.04.2019 11:09:51: error=0
18.04.2019 11:09:51: size=715163
18.04.2019 11:09:51: Upload of "18102019-041055"
18.04.2019 11:09:51: MoveUploadedFile(18102019-041055.jpg)
18.04.2019 11:09:51: ->moving 18102019-041055.jpg successfull
18.04.2019 11:09:51: name=18102019-041055.jpg
18.04.2019 11:09:51: type=application/octet-stream
18.04.2019 11:09:51: tmp_name=E:\xampp\tmp\phpD6D2.tmp
18.04.2019 11:09:51: error=0
18.04.2019 11:09:51: size=715163
======================================
======================================
18.04.2019 11:13:57: tanggal=2019-04-18
18.04.2019 11:13:57: idbang=25
18.04.2019 11:13:57: keyname=18152019-041502
18.04.2019 11:13:57: action=upload
======================================
======= FILES ========================
18.04.2019 11:13:57: name=18152019-041502.jpg
18.04.2019 11:13:57: type=application/octet-stream
18.04.2019 11:13:57: tmp_name=E:\xampp\tmp\php9949.tmp
18.04.2019 11:13:57: error=0
18.04.2019 11:13:57: size=645073
18.04.2019 11:13:57: Upload of "18152019-041502"
18.04.2019 11:13:57: MoveUploadedFile(18152019-041502.jpg)
18.04.2019 11:13:57: ->moving 18152019-041502.jpg successfull
18.04.2019 11:13:57: name=18152019-041502.jpg
18.04.2019 11:13:57: type=application/octet-stream
18.04.2019 11:13:57: tmp_name=E:\xampp\tmp\php9949.tmp
18.04.2019 11:13:57: error=0
18.04.2019 11:13:57: size=645073
======================================
======================================
18.04.2019 13:13:26: buildingtype=Worship
18.04.2019 13:13:26: tanggal=2019-04-18
18.04.2019 13:13:26: idbang=25
18.04.2019 13:13:26: keyname=18132019-061317
18.04.2019 13:13:26: action=upload
======================================
======= FILES ========================
18.04.2019 13:13:26: name=18132019-061317.jpg
18.04.2019 13:13:26: type=application/octet-stream
18.04.2019 13:13:26: tmp_name=E:\xampp\tmp\phpDA4D.tmp
18.04.2019 13:13:26: error=0
18.04.2019 13:13:26: size=721691
18.04.2019 13:13:26: Upload of "18132019-061317"
18.04.2019 13:13:26: MoveUploadedFile(18132019-061317.jpg)
18.04.2019 13:13:26: ->moving 18132019-061317.jpg successfull
18.04.2019 13:13:26: name=18132019-061317.jpg
18.04.2019 13:13:26: type=application/octet-stream
18.04.2019 13:13:26: tmp_name=E:\xampp\tmp\phpDA4D.tmp
18.04.2019 13:13:26: error=0
18.04.2019 13:13:26: size=721691
======================================
======================================
18.04.2019 13:23:11: buildingtype=Worship
18.04.2019 13:23:11: tanggal=2019-04-18
18.04.2019 13:23:11: idbang=25
18.04.2019 13:23:11: keyname=25-18222019-062259
18.04.2019 13:23:11: action=upload
======================================
======= FILES ========================
18.04.2019 13:23:11: name=25-18222019-062259.jpg
18.04.2019 13:23:11: type=application/octet-stream
18.04.2019 13:23:11: tmp_name=E:\xampp\tmp\phpC5C1.tmp
18.04.2019 13:23:11: error=0
18.04.2019 13:23:11: size=641252
18.04.2019 13:23:11: Upload of "25-18222019-062259"
18.04.2019 13:23:11: MoveUploadedFile(25-18222019-062259.jpg)
18.04.2019 13:23:11: ->moving 25-18222019-062259.jpg successfull
18.04.2019 13:23:11: name=25-18222019-062259.jpg
18.04.2019 13:23:11: type=application/octet-stream
18.04.2019 13:23:11: tmp_name=E:\xampp\tmp\phpC5C1.tmp
18.04.2019 13:23:11: error=0
18.04.2019 13:23:11: size=641252
======================================
======================================
18.04.2019 13:46:05: buildingtype=Worship
18.04.2019 13:46:05: tanggal=2019-04-18
18.04.2019 13:46:05: idbang=25
18.04.2019 13:46:05: keyname=25-18452019-064549
18.04.2019 13:46:05: action=upload
======================================
======= FILES ========================
18.04.2019 13:46:05: name=25-18452019-064549.jpg
18.04.2019 13:46:05: type=application/octet-stream
18.04.2019 13:46:05: tmp_name=E:\xampp\tmp\phpBB6B.tmp
18.04.2019 13:46:05: error=0
18.04.2019 13:46:05: size=710567
18.04.2019 13:46:05: Upload of "25-18452019-064549"
18.04.2019 13:46:05: MoveUploadedFile(25-18452019-064549.jpg)
18.04.2019 13:46:05: ->moving 25-18452019-064549.jpg successfull
18.04.2019 13:46:05: name=25-18452019-064549.jpg
18.04.2019 13:46:05: type=application/octet-stream
18.04.2019 13:46:05: tmp_name=E:\xampp\tmp\phpBB6B.tmp
18.04.2019 13:46:05: error=0
18.04.2019 13:46:05: size=710567
======================================
======================================
18.04.2019 13:50:33: buildingtype=Worship
18.04.2019 13:50:33: tanggal=2019-04-18
18.04.2019 13:50:33: idbang=25
18.04.2019 13:50:33: keyname=25-18502019-065024
18.04.2019 13:50:33: action=upload
======================================
======= FILES ========================
18.04.2019 13:50:33: name=25-18502019-065024.jpg
18.04.2019 13:50:33: type=application/octet-stream
18.04.2019 13:50:33: tmp_name=E:\xampp\tmp\phpD450.tmp
18.04.2019 13:50:33: error=0
18.04.2019 13:50:33: size=432761
18.04.2019 13:50:33: Upload of "25-18502019-065024"
18.04.2019 13:50:33: MoveUploadedFile(25-18502019-065024.jpg)
18.04.2019 13:50:33: ->moving 25-18502019-065024.jpg successfull
18.04.2019 13:50:33: name=25-18502019-065024.jpg
18.04.2019 13:50:33: type=application/octet-stream
18.04.2019 13:50:33: tmp_name=E:\xampp\tmp\phpD450.tmp
18.04.2019 13:50:33: error=0
18.04.2019 13:50:33: size=432761
======================================
======================================
18.04.2019 13:53:00: buildingtype=Office
18.04.2019 13:53:00: tanggal=2019-04-18
18.04.2019 13:53:00: idbang=1AC
18.04.2019 13:53:00: keyname=1AC-18522019-065244
18.04.2019 13:53:00: action=upload
======================================
======= FILES ========================
18.04.2019 13:53:00: name=1AC-18522019-065244.jpg
18.04.2019 13:53:00: type=application/octet-stream
18.04.2019 13:53:00: tmp_name=E:\xampp\tmp\php117F.tmp
18.04.2019 13:53:00: error=0
18.04.2019 13:53:00: size=754664
18.04.2019 13:53:00: Upload of "1AC-18522019-065244"
18.04.2019 13:53:00: MoveUploadedFile(1AC-18522019-065244.jpg)
18.04.2019 13:53:00:->moving 1AC-18522019-065244.jpg NOT successfull
18.04.2019 13:53:00: name=1AC-18522019-065244.jpg
18.04.2019 13:53:00: type=application/octet-stream
18.04.2019 13:53:00: tmp_name=E:\xampp\tmp\php117F.tmp
18.04.2019 13:53:00: error=0
18.04.2019 13:53:00: size=754664
======================================
======================================
18.04.2019 13:58:24: buildingtype=Office
18.04.2019 13:58:24: tanggal=2019-04-18
18.04.2019 13:58:24: idbang=1AC
18.04.2019 13:58:24: keyname=1AC-18582019-065816
18.04.2019 13:58:24: action=upload
======================================
======= FILES ========================
18.04.2019 13:58:24: name=1AC-18582019-065816.jpg
18.04.2019 13:58:24: type=application/octet-stream
18.04.2019 13:58:24: tmp_name=E:\xampp\tmp\phpCA6.tmp
18.04.2019 13:58:24: error=0
18.04.2019 13:58:24: size=697073
18.04.2019 13:58:24: Upload of "1AC-18582019-065816"
18.04.2019 13:58:24: MoveUploadedFile(1AC-18582019-065816.jpg)
18.04.2019 13:58:24:->moving 1AC-18582019-065816.jpg NOT successfull
18.04.2019 13:58:24: name=1AC-18582019-065816.jpg
18.04.2019 13:58:24: type=application/octet-stream
18.04.2019 13:58:24: tmp_name=E:\xampp\tmp\phpCA6.tmp
18.04.2019 13:58:24: error=0
18.04.2019 13:58:24: size=697073
======================================
======================================
18.04.2019 14:01:48: buildingtype=Office
18.04.2019 14:01:48: tanggal=2019-04-18
18.04.2019 14:01:48: idbang=1
18.04.2019 14:01:48: keyname=1-18012019-070130
18.04.2019 14:01:48: action=upload
======================================
======= FILES ========================
18.04.2019 14:01:48: name=1-18012019-070130.jpg
18.04.2019 14:01:48: type=
18.04.2019 14:01:48: tmp_name=
18.04.2019 14:01:48: error=1
18.04.2019 14:01:48: size=0
18.04.2019 14:01:48: Upload of "1-18012019-070130"
18.04.2019 14:01:48: MoveUploadedFile(1-18012019-070130.jpg)
18.04.2019 14:01:48:->moving 1-18012019-070130.jpg NOT successfull
18.04.2019 14:01:48: name=1-18012019-070130.jpg
18.04.2019 14:01:48: type=
18.04.2019 14:01:48: tmp_name=
18.04.2019 14:01:48: error=1
18.04.2019 14:01:48: size=0
======================================
======================================
18.04.2019 14:09:49: buildingtype=Office
18.04.2019 14:09:49: tanggal=2019-04-18
18.04.2019 14:09:49: idbang=1
18.04.2019 14:09:49: keyname=1-18092019-070942
18.04.2019 14:09:49: action=upload
======================================
======= FILES ========================
18.04.2019 14:09:49: name=1-18092019-070942.jpg
18.04.2019 14:09:49: type=application/octet-stream
18.04.2019 14:09:49: tmp_name=E:\xampp\tmp\php7B30.tmp
18.04.2019 14:09:49: error=0
18.04.2019 14:09:49: size=696682
18.04.2019 14:09:49: Upload of "1-18092019-070942"
18.04.2019 14:09:49: MoveUploadedFile(1-18092019-070942.jpg)
18.04.2019 14:09:49: ->moving 1-18092019-070942.jpg successfull
18.04.2019 14:09:49: name=1-18092019-070942.jpg
18.04.2019 14:09:49: type=application/octet-stream
18.04.2019 14:09:49: tmp_name=E:\xampp\tmp\php7B30.tmp
18.04.2019 14:09:49: error=0
18.04.2019 14:09:49: size=696682
======================================
======================================
18.04.2019 14:10:04: buildingtype=Office
18.04.2019 14:10:04: tanggal=2019-04-18
18.04.2019 14:10:04: idbang=1
18.04.2019 14:10:04: keyname=1-18102019-071000
18.04.2019 14:10:04: action=upload
======================================
======= FILES ========================
18.04.2019 14:10:04: name=1-18102019-071000.jpg
18.04.2019 14:10:04: type=application/octet-stream
18.04.2019 14:10:04: tmp_name=E:\xampp\tmp\phpBBD4.tmp
18.04.2019 14:10:04: error=0
18.04.2019 14:10:04: size=122894
18.04.2019 14:10:04: Upload of "1-18102019-071000"
18.04.2019 14:10:04: MoveUploadedFile(1-18102019-071000.jpg)
18.04.2019 14:10:04: ->moving 1-18102019-071000.jpg successfull
18.04.2019 14:10:04: name=1-18102019-071000.jpg
18.04.2019 14:10:04: type=application/octet-stream
18.04.2019 14:10:04: tmp_name=E:\xampp\tmp\phpBBD4.tmp
18.04.2019 14:10:04: error=0
18.04.2019 14:10:04: size=122894
======================================
======================================
18.04.2019 14:10:25: buildingtype=Office
18.04.2019 14:10:25: tanggal=2019-04-18
18.04.2019 14:10:25: idbang=1
18.04.2019 14:10:25: keyname=1-18102019-071015
18.04.2019 14:10:25: action=upload
======================================
======= FILES ========================
18.04.2019 14:10:25: name=1-18102019-071015.jpg
18.04.2019 14:10:25: type=
18.04.2019 14:10:25: tmp_name=
18.04.2019 14:10:25: error=1
18.04.2019 14:10:25: size=0
18.04.2019 14:10:25: Upload of "1-18102019-071015"
18.04.2019 14:10:25: MoveUploadedFile(1-18102019-071015.jpg)
18.04.2019 14:10:25:->moving 1-18102019-071015.jpg NOT successfull
18.04.2019 14:10:25: name=1-18102019-071015.jpg
18.04.2019 14:10:25: type=
18.04.2019 14:10:25: tmp_name=
18.04.2019 14:10:25: error=1
18.04.2019 14:10:25: size=0
======================================
======================================
18.04.2019 14:17:34: buildingtype=Office
18.04.2019 14:17:34: tanggal=2019-04-18
18.04.2019 14:17:34: idbang=1
18.04.2019 14:17:34: keyname=1-18162019-071643
18.04.2019 14:17:34: action=upload
======================================
======= FILES ========================
18.04.2019 14:17:34: name=1-18162019-071643.jpg
18.04.2019 14:17:34: type=
18.04.2019 14:17:34: tmp_name=
18.04.2019 14:17:34: error=1
18.04.2019 14:17:34: size=0
18.04.2019 14:17:34: Upload of "1-18162019-071643"
18.04.2019 14:17:34: MoveUploadedFile(1-18162019-071643.jpg)
18.04.2019 14:17:34:->moving 1-18162019-071643.jpg NOT successfull
18.04.2019 14:17:34: name=1-18162019-071643.jpg
18.04.2019 14:17:34: type=
18.04.2019 14:17:34: tmp_name=
18.04.2019 14:17:34: error=1
18.04.2019 14:17:34: size=0
======================================
======================================
18.04.2019 14:21:43: buildingtype=Office
18.04.2019 14:21:43: tanggal=2019-04-18
18.04.2019 14:21:43: idbang=1AC
18.04.2019 14:21:43: keyname=1AC-18212019-072121
18.04.2019 14:21:43: action=upload
======================================
======= FILES ========================
18.04.2019 14:21:43: name=1AC-18212019-072121.jpg
18.04.2019 14:21:43: type=application/octet-stream
18.04.2019 14:21:43: tmp_name=E:\xampp\tmp\php570D.tmp
18.04.2019 14:21:43: error=0
18.04.2019 14:21:43: size=1048858
18.04.2019 14:21:43: Upload of "1AC-18212019-072121"
18.04.2019 14:21:43: MoveUploadedFile(1AC-18212019-072121.jpg)
18.04.2019 14:21:43: ->moving 1AC-18212019-072121.jpg successfull
18.04.2019 14:21:43: name=1AC-18212019-072121.jpg
18.04.2019 14:21:43: type=application/octet-stream
18.04.2019 14:21:43: tmp_name=E:\xampp\tmp\php570D.tmp
18.04.2019 14:21:43: error=0
18.04.2019 14:21:43: size=1048858
======================================
======================================
18.04.2019 14:25:32: buildingtype=Office
18.04.2019 14:25:32: tanggal=2019-04-18
18.04.2019 14:25:32: idbang=1
18.04.2019 14:25:32: keyname=1-18252019-072509
18.04.2019 14:25:32: action=upload
======================================
======= FILES ========================
18.04.2019 14:25:32: name=1-18252019-072509.jpg
18.04.2019 14:25:32: type=
18.04.2019 14:25:32: tmp_name=
18.04.2019 14:25:32: error=1
18.04.2019 14:25:32: size=0
18.04.2019 14:25:32: Upload of "1-18252019-072509"
18.04.2019 14:25:32: MoveUploadedFile(1-18252019-072509.jpg)
18.04.2019 14:25:32:->moving 1-18252019-072509.jpg NOT successfull
18.04.2019 14:25:32: name=1-18252019-072509.jpg
18.04.2019 14:25:32: type=
18.04.2019 14:25:32: tmp_name=
18.04.2019 14:25:32: error=1
18.04.2019 14:25:32: size=0
======================================
======================================
18.04.2019 14:33:13: buildingtype=Office
18.04.2019 14:33:13: tanggal=2019-04-18
18.04.2019 14:33:13: idbang=1
18.04.2019 14:33:13: keyname=1-18322019-073255
18.04.2019 14:33:13: action=upload
======================================
======= FILES ========================
18.04.2019 14:33:13: name=1-18322019-073255.jpg
18.04.2019 14:33:13: type=application/octet-stream
18.04.2019 14:33:13: tmp_name=E:\xampp\tmp\phpD411.tmp
18.04.2019 14:33:13: error=0
18.04.2019 14:33:13: size=2454844
18.04.2019 14:33:13: Upload of "1-18322019-073255"
18.04.2019 14:33:13: MoveUploadedFile(1-18322019-073255.jpg)
18.04.2019 14:33:13: ->moving 1-18322019-073255.jpg successfull
18.04.2019 14:33:13: name=1-18322019-073255.jpg
18.04.2019 14:33:13: type=application/octet-stream
18.04.2019 14:33:13: tmp_name=E:\xampp\tmp\phpD411.tmp
18.04.2019 14:33:13: error=0
18.04.2019 14:33:13: size=2454844
======================================
======================================
29.09.2019 17:00:23: buildingtype=Worship
29.09.2019 17:00:23: tanggal=2019-09-29
29.09.2019 17:00:23: idbang=KG269
29.09.2019 17:00:23: keyname=20190921_065337
29.09.2019 17:00:23: action=upload
======================================
======= FILES ========================
29.09.2019 17:00:23: name=20190921_065337.jpg
29.09.2019 17:00:23: type=application/octet-stream
29.09.2019 17:00:23: tmp_name=E:\xampp\tmp\phpF0D7.tmp
29.09.2019 17:00:23: error=0
29.09.2019 17:00:23: size=3462166
29.09.2019 17:00:23: Upload of "20190921_065337"
29.09.2019 17:00:23: MoveUploadedFile(20190921_065337.jpg)
29.09.2019 17:00:23: ->moving 20190921_065337.jpg successfull
29.09.2019 17:00:24: name=20190921_065337.jpg
29.09.2019 17:00:24: type=application/octet-stream
29.09.2019 17:00:24: tmp_name=E:\xampp\tmp\phpF0D7.tmp
29.09.2019 17:00:24: error=0
29.09.2019 17:00:24: size=3462166
======================================
======================================
29.09.2019 17:02:21: buildingtype=Worship
29.09.2019 17:02:21: tanggal=2019-09-29
29.09.2019 17:02:21: idbang=KG269
29.09.2019 17:02:21: keyname=20190928_170711_001
29.09.2019 17:02:21: action=upload
======================================
======= FILES ========================
29.09.2019 17:02:21: name=20190928_170711_001.jpg
29.09.2019 17:02:21: type=application/octet-stream
29.09.2019 17:02:21: tmp_name=E:\xampp\tmp\phpCBE1.tmp
29.09.2019 17:02:21: error=0
29.09.2019 17:02:21: size=3173510
29.09.2019 17:02:21: Upload of "20190928_170711_001"
29.09.2019 17:02:21: MoveUploadedFile(20190928_170711_001.jpg)
29.09.2019 17:02:21: ->moving 20190928_170711_001.jpg successfull
29.09.2019 17:02:21: name=20190928_170711_001.jpg
29.09.2019 17:02:21: type=application/octet-stream
29.09.2019 17:02:21: tmp_name=E:\xampp\tmp\phpCBE1.tmp
29.09.2019 17:02:21: error=0
29.09.2019 17:02:21: size=3173510
======================================
======================================
30.09.2019 15:05:34: buildingtype=Worship
30.09.2019 15:05:34: tanggal=2019-09-30
30.09.2019 15:05:34: idbang=KG165
30.09.2019 15:05:34: keyname=165_1
30.09.2019 15:05:34: action=upload
======================================
======= FILES ========================
30.09.2019 15:05:34: name=165_1.jpg
30.09.2019 15:05:34: type=application/octet-stream
30.09.2019 15:05:34: tmp_name=E:\xampp\tmp\php6DCB.tmp
30.09.2019 15:05:34: error=0
30.09.2019 15:05:34: size=314984
30.09.2019 15:05:34: Upload of "165_1"
30.09.2019 15:05:34: MoveUploadedFile(165_1.jpg)
30.09.2019 15:05:34: ->moving 165_1.jpg successfull
30.09.2019 15:05:35: name=165_1.jpg
30.09.2019 15:05:35: type=application/octet-stream
30.09.2019 15:05:35: tmp_name=E:\xampp\tmp\php6DCB.tmp
30.09.2019 15:05:35: error=0
30.09.2019 15:05:35: size=314984
======================================
======================================
30.09.2019 15:06:08: buildingtype=Worship
30.09.2019 15:06:08: tanggal=2019-09-30
30.09.2019 15:06:08: idbang=KG165
30.09.2019 15:06:08: keyname=20190928_175524
30.09.2019 15:06:08: action=upload
======================================
======= FILES ========================
30.09.2019 15:06:08: name=20190928_175524.jpg
30.09.2019 15:06:08: type=application/octet-stream
30.09.2019 15:06:08: tmp_name=E:\xampp\tmp\phpE398.tmp
30.09.2019 15:06:08: error=0
30.09.2019 15:06:08: size=3665218
30.09.2019 15:06:08: Upload of "20190928_175524"
30.09.2019 15:06:08: MoveUploadedFile(20190928_175524.jpg)
30.09.2019 15:06:08: ->moving 20190928_175524.jpg successfull
30.09.2019 15:06:08: name=20190928_175524.jpg
30.09.2019 15:06:08: type=application/octet-stream
30.09.2019 15:06:08: tmp_name=E:\xampp\tmp\phpE398.tmp
30.09.2019 15:06:08: error=0
30.09.2019 15:06:08: size=3665218
======================================
======================================
07.10.2019 07:09:21: buildingtype=Worship
07.10.2019 07:09:22: tanggal=2019-10-07
07.10.2019 07:09:22: idbang=KG165
07.10.2019 07:09:22: keyname=images.jpeg-2
07.10.2019 07:09:22: action=upload
======================================
======= FILES ========================
07.10.2019 07:09:22: name=images.jpeg-2.jpg
07.10.2019 07:09:22: type=application/octet-stream
07.10.2019 07:09:22: tmp_name=E:\xampp\tmp\phpC4DB.tmp
07.10.2019 07:09:22: error=0
07.10.2019 07:09:22: size=15868
07.10.2019 07:09:22: Upload of "images_jpeg-2"
07.10.2019 07:09:22: name=images.jpeg-2.jpg
07.10.2019 07:09:22: type=application/octet-stream
07.10.2019 07:09:22: tmp_name=E:\xampp\tmp\phpC4DB.tmp
07.10.2019 07:09:22: error=0
07.10.2019 07:09:22: size=15868
======================================
======================================
07.10.2019 07:10:12: buildingtype=Worship
07.10.2019 07:10:12: tanggal=2019-10-07
07.10.2019 07:10:12: idbang=KG165
07.10.2019 07:10:12: keyname=images.jpeg-2
07.10.2019 07:10:12: action=upload
======================================
======= FILES ========================
07.10.2019 07:10:12: name=images.jpeg-2.jpg
07.10.2019 07:10:12: type=application/octet-stream
07.10.2019 07:10:12: tmp_name=E:\xampp\tmp\php8BE5.tmp
07.10.2019 07:10:12: error=0
07.10.2019 07:10:12: size=15868
07.10.2019 07:10:12: Upload of "images_jpeg-2"
07.10.2019 07:10:12: name=images.jpeg-2.jpg
07.10.2019 07:10:12: type=application/octet-stream
07.10.2019 07:10:12: tmp_name=E:\xampp\tmp\php8BE5.tmp
07.10.2019 07:10:12: error=0
07.10.2019 07:10:12: size=15868
======================================
======================================
07.10.2019 07:11:02: buildingtype=Worship
07.10.2019 07:11:02: tanggal=2019-10-07
07.10.2019 07:11:02: idbang=KG165
07.10.2019 07:11:02: keyname=20191007_082445
07.10.2019 07:11:02: action=upload
======================================
======= FILES ========================
07.10.2019 07:11:02: name=20191007_082445.jpg
07.10.2019 07:11:02: type=application/octet-stream
07.10.2019 07:11:02: tmp_name=E:\xampp\tmp\php504F.tmp
07.10.2019 07:11:02: error=0
07.10.2019 07:11:02: size=3470929
07.10.2019 07:11:02: Upload of "20191007_082445"
07.10.2019 07:11:02: MoveUploadedFile(20191007_082445.jpg)
07.10.2019 07:11:02: ->moving 20191007_082445.jpg successfull
07.10.2019 07:11:04: name=20191007_082445.jpg
07.10.2019 07:11:04: type=application/octet-stream
07.10.2019 07:11:04: tmp_name=E:\xampp\tmp\php504F.tmp
07.10.2019 07:11:04: error=0
07.10.2019 07:11:04: size=3470929
======================================
======================================
07.10.2019 07:11:22: buildingtype=Worship
07.10.2019 07:11:22: tanggal=2019-10-07
07.10.2019 07:11:22: idbang=KG165
07.10.2019 07:11:22: keyname=images.jpeg-1
07.10.2019 07:11:22: action=upload
======================================
======= FILES ========================
07.10.2019 07:11:22: name=images.jpeg-1.jpg
07.10.2019 07:11:22: type=application/octet-stream
07.10.2019 07:11:22: tmp_name=E:\xampp\tmp\phpA074.tmp
07.10.2019 07:11:22: error=0
07.10.2019 07:11:22: size=33130
07.10.2019 07:11:22: Upload of "images_jpeg-1"
07.10.2019 07:11:22: name=images.jpeg-1.jpg
07.10.2019 07:11:22: type=application/octet-stream
07.10.2019 07:11:22: tmp_name=E:\xampp\tmp\phpA074.tmp
07.10.2019 07:11:22: error=0
07.10.2019 07:11:22: size=33130
======================================
======================================
07.10.2019 07:17:55: buildingtype=Worship
07.10.2019 07:17:55: tanggal=2019-10-07
07.10.2019 07:17:55: idbang=KG165
07.10.2019 07:17:55: keyname=1280px-Musajik_koto_gadang
07.10.2019 07:17:55: action=upload
======================================
======= FILES ========================
07.10.2019 07:17:55: name=1280px-Musajik_koto_gadang.jpg
07.10.2019 07:17:55: type=application/octet-stream
07.10.2019 07:17:55: tmp_name=E:\xampp\tmp\php9C32.tmp
07.10.2019 07:17:55: error=0
07.10.2019 07:17:55: size=252032
07.10.2019 07:17:55: Upload of "1280px-Musajik_koto_gadang"
07.10.2019 07:17:55: MoveUploadedFile(1280px-Musajik_koto_gadang.jpg)
07.10.2019 07:17:55: ->moving 1280px-Musajik_koto_gadang.jpg successfull
07.10.2019 07:17:55: name=1280px-Musajik_koto_gadang.jpg
07.10.2019 07:17:55: type=application/octet-stream
07.10.2019 07:17:55: tmp_name=E:\xampp\tmp\php9C32.tmp
07.10.2019 07:17:55: error=0
07.10.2019 07:17:55: size=252032
======================================
======================================
07.10.2019 07:41:20: buildingtype=Worship
07.10.2019 07:41:20: tanggal=2019-10-07
07.10.2019 07:41:20: idbang=KG165
07.10.2019 07:41:20: keyname=1280px-Musajik_koto_gadang
07.10.2019 07:41:20: action=upload
======================================
======= FILES ========================
07.10.2019 07:41:20: name=1280px-Musajik_koto_gadang.jpg
07.10.2019 07:41:20: type=application/octet-stream
07.10.2019 07:41:20: tmp_name=E:\xampp\tmp\phpD85.tmp
07.10.2019 07:41:20: error=0
07.10.2019 07:41:20: size=252032
07.10.2019 07:41:20: Upload of "1280px-Musajik_koto_gadang"
07.10.2019 07:41:20: MoveUploadedFile(1280px-Musajik_koto_gadang.jpg)
07.10.2019 07:41:20: ->moving 1280px-Musajik_koto_gadang.jpg successfull
07.10.2019 07:41:20: name=1280px-Musajik_koto_gadang.jpg
07.10.2019 07:41:20: type=application/octet-stream
07.10.2019 07:41:20: tmp_name=E:\xampp\tmp\phpD85.tmp
07.10.2019 07:41:20: error=0
07.10.2019 07:41:20: size=252032
======================================
======================================
02.11.2019 08:46:27: buildingtype=Worship
02.11.2019 08:46:27: tanggal=2019-11-02
02.11.2019 08:46:27: idbang=KG165
02.11.2019 08:46:27: keyname=1280px-Musajik_koto_gadang
02.11.2019 08:46:27: action=upload
======================================
======= FILES ========================
02.11.2019 08:46:27: name=1280px-Musajik_koto_gadang.jpg
02.11.2019 08:46:27: type=application/octet-stream
02.11.2019 08:46:27: tmp_name=E:\xampp\tmp\php59D2.tmp
02.11.2019 08:46:27: error=0
02.11.2019 08:46:27: size=252032
02.11.2019 08:46:27: Upload of "1280px-Musajik_koto_gadang"
02.11.2019 08:46:27: MoveUploadedFile(1280px-Musajik_koto_gadang.jpg)
02.11.2019 08:46:27: ->moving 1280px-Musajik_koto_gadang.jpg successfull
02.11.2019 08:46:28: name=1280px-Musajik_koto_gadang.jpg
02.11.2019 08:46:28: type=application/octet-stream
02.11.2019 08:46:28: tmp_name=E:\xampp\tmp\php59D2.tmp
02.11.2019 08:46:28: error=0
02.11.2019 08:46:28: size=252032
======================================
======================================
07.01.2020 14:28:09: buildingtype=Worship
07.01.2020 14:28:10: tanggal=2020-01-07
07.01.2020 14:28:10: idbang=KG165
07.01.2020 14:28:10: action=upload
======================================
======= FILES ========================
07.01.2020 14:28:10: name=SJ164.1.jpg
07.01.2020 14:28:10: type=image/jpeg
07.01.2020 14:28:10: tmp_name=C:\ms4w\tmp\php340F.tmp
07.01.2020 14:28:10: error=0
07.01.2020 14:28:10: size=36244
07.01.2020 14:28:10: Upload of "keyname"
07.01.2020 14:28:10: name=SJ164.1.jpg
07.01.2020 14:28:10: type=image/jpeg
07.01.2020 14:28:10: tmp_name=C:\ms4w\tmp\php340F.tmp
07.01.2020 14:28:10: error=0
07.01.2020 14:28:10: size=36244
======================================
======================================
07.01.2020 14:28:14: buildingtype=Worship
07.01.2020 14:28:14: tanggal=2020-01-07
07.01.2020 14:28:14: idbang=KG165
07.01.2020 14:28:14: action=upload
======================================
======= FILES ========================
07.01.2020 14:28:14: name=SJ164.1.jpg
07.01.2020 14:28:14: type=image/jpeg
07.01.2020 14:28:14: tmp_name=C:\ms4w\tmp\php49AA.tmp
07.01.2020 14:28:14: error=0
07.01.2020 14:28:14: size=36244
07.01.2020 14:28:14: Upload of "keyname"
07.01.2020 14:28:14: name=SJ164.1.jpg
07.01.2020 14:28:14: type=image/jpeg
07.01.2020 14:28:14: tmp_name=C:\ms4w\tmp\php49AA.tmp
07.01.2020 14:28:14: error=0
07.01.2020 14:28:14: size=36244
======================================
======================================
07.01.2020 14:32:11: buildingtype=Worship
07.01.2020 14:32:11: tanggal=2020-01-07
07.01.2020 14:32:11: idbang=KG165
07.01.2020 14:32:11: action=upload
======================================
======= FILES ========================
07.01.2020 14:32:11: name=SJ164.1.jpg
07.01.2020 14:32:11: type=image/jpeg
07.01.2020 14:32:11: tmp_name=C:\ms4w\tmp\phpE475.tmp
07.01.2020 14:32:11: error=0
07.01.2020 14:32:11: size=36244
07.01.2020 14:32:11: Upload of "keyname"
07.01.2020 14:32:11: name=SJ164.1.jpg
07.01.2020 14:32:11: type=image/jpeg
07.01.2020 14:32:11: tmp_name=C:\ms4w\tmp\phpE475.tmp
07.01.2020 14:32:11: error=0
07.01.2020 14:32:11: size=36244
======================================
======================================
07.01.2020 14:32:48: buildingtype=Worship
07.01.2020 14:32:48: tanggal=2020-01-07
07.01.2020 14:32:48: idbang=KG165
07.01.2020 14:32:48: action=upload
======================================
======= FILES ========================
07.01.2020 14:32:48: name=SJ164.1.jpg
07.01.2020 14:32:48: type=image/jpeg
07.01.2020 14:32:48: tmp_name=C:\ms4w\tmp\php7710.tmp
07.01.2020 14:32:48: error=0
07.01.2020 14:32:48: size=36244
07.01.2020 14:32:48: Upload of "keyname"
07.01.2020 14:32:48: name=SJ164.1.jpg
07.01.2020 14:32:48: type=image/jpeg
07.01.2020 14:32:48: tmp_name=C:\ms4w\tmp\php7710.tmp
07.01.2020 14:32:48: error=0
07.01.2020 14:32:48: size=36244
======================================
======================================
07.01.2020 14:33:11: buildingtype=Worship
07.01.2020 14:33:11: tanggal=2020-01-07
07.01.2020 14:33:11: idbang=KG165
07.01.2020 14:33:11: action=upload
======================================
======= FILES ========================
07.01.2020 14:33:11: name=SJ164.1.jpg
07.01.2020 14:33:11: type=image/jpeg
07.01.2020 14:33:11: tmp_name=C:\ms4w\tmp\phpD00D.tmp
07.01.2020 14:33:11: error=0
07.01.2020 14:33:11: size=36244
07.01.2020 14:33:11: Upload of "keyname"
======================================
07.01.2020 14:34:01: buildingtype=Worship
07.01.2020 14:34:01: tanggal=2020-01-07
07.01.2020 14:34:01: idbang=KG165
07.01.2020 14:34:01: action=upload
======================================
======= FILES ========================
07.01.2020 14:34:01: name=SJ164.1.jpg
07.01.2020 14:34:01: type=image/jpeg
07.01.2020 14:34:01: tmp_name=C:\ms4w\tmp\php9050.tmp
07.01.2020 14:34:01: error=0
07.01.2020 14:34:01: size=36244
07.01.2020 14:34:01: Upload of "keyname"
======================================
07.01.2020 14:39:50: buildingtype=Worship
07.01.2020 14:39:50: tanggal=2020-01-07
07.01.2020 14:39:50: idbang=KG165
07.01.2020 14:39:50: action=upload
======================================
======= FILES ========================
07.01.2020 14:39:50: name=ibadah.png
07.01.2020 14:39:50: type=image/png
07.01.2020 14:39:50: tmp_name=C:\ms4w\tmp\phpE1E2.tmp
07.01.2020 14:39:50: error=0
07.01.2020 14:39:50: size=55565
07.01.2020 14:39:50: Upload of "keyname"
======================================
07.01.2020 14:43:41: buildingtype=Worship
07.01.2020 14:43:41: tanggal=2020-01-07
07.01.2020 14:43:41: idbang=KG165
07.01.2020 14:43:41: action=upload
======================================
======= FILES ========================
07.01.2020 14:43:41: name=ibadah.png
07.01.2020 14:43:41: type=image/png
07.01.2020 14:43:41: tmp_name=C:\ms4w\tmp\php6B76.tmp
07.01.2020 14:43:41: error=0
07.01.2020 14:43:41: size=55565
07.01.2020 14:43:41: Upload of "keyname"
